<?xml version="1.0" encoding="UTF-8"?>
<testng-results skipped="0" failed="0" ignored="0" total="1" passed="1">
  <reporter-output>
  </reporter-output>
  <suite name="Default suite" duration-ms="13594" started-at="2020-02-08T21:55:21 IST" finished-at="2020-02-08T21:55:34 IST">
    <groups>
    </groups>
    <test name="Default test" duration-ms="13594" started-at="2020-02-08T21:55:21 IST" finished-at="2020-02-08T21:55:34 IST">
      <class name="testcases.testcase">
        <test-method status="PASS" signature="login1()[pri:0, instance:testcases.testcase@51cdd8a]" name="login1" is-config="true" duration-ms="12803" started-at="2020-02-08T21:55:21 IST" finished-at="2020-02-08T21:55:34 IST">
          <reporter-output>
          </reporter-output>
        </test-method> <!-- login1 -->
        <test-method status="PASS" signature="runlogin()[pri:0, instance:testcases.testcase@51cdd8a]" name="runlogin" duration-ms="711" started-at="2020-02-08T21:55:34 IST" finished-at="2020-02-08T21:55:34 IST">
          <reporter-output>
          </reporter-output>
        </test-method> <!-- runlogin -->
      </class> <!-- testcases.testcase -->
    </test> <!-- Default test -->
  </suite> <!-- Default suite -->
</testng-results>
